<?xml version="1.0" encoding="UTF-8"?>
<!-- Generated by org.testng.reporters.JUnitReportReporter -->
<testsuite hostname="LAPTOP-HBQQ1KH2" failures="0" tests="13" name="com.Testcomponent.Regression_Testing" time="739.352" errors="0" timestamp="2023-06-15T20:43:13 IST" skipped="0">
  <testcase classname="com.Testcomponent.Regression_Testing" name="shop_by_Department" time="38.697"/>
  <system-out/>
  <testcase classname="com.Testcomponent.Regression_Testing" name="bottom_Links_Validation" time="83.235"/>
  <system-out/>
  <testcase classname="com.Testcomponent.Regression_Testing" name="validUsername_InvalidPassword" time="34.292"/>
  <system-out/>
  <testcase classname="com.Testcomponent.Regression_Testing" name="blank_Username_Password" time="35.758"/>
  <system-out/>
  <testcase classname="com.Testcomponent.Regression_Testing" name="search_Box_Validation" time="56.715"/>
  <system-out/>
  <testcase classname="com.Testcomponent.Regression_Testing" name="inValidUsername_validPassword" time="51.247"/>
  <system-out/>
  <testcase classname="com.Testcomponent.Regression_Testing" name="searchpaymentValidation" time="154.008"/>
  <system-out/>
  <testcase classname="com.Testcomponent.Regression_Testing" name="All_Menu_validation" time="71.060"/>
  <system-out/>
  <testcase classname="com.Testcomponent.Regression_Testing" name="inValidUsername_InvalidPassword" time="56.423"/>
  <system-out/>
  <testcase classname="com.Testcomponent.Regression_Testing" name="shop_by_Brand" time="48.748"/>
  <system-out/>
  <testcase classname="com.Testcomponent.Regression_Testing" name="valid_Login_Credentials_To_Signup" time="31.955"/>
  <system-out/>
  <testcase classname="com.Testcomponent.Regression_Testing" name="valid_username_Password" time="41.311"/>
  <system-out/>
  <testcase classname="com.Testcomponent.Regression_Testing" name="invalid_Login_Credentials_To_Signup" time="35.903"/>
  <system-out/>
</testsuite> <!-- com.Testcomponent.Regression_Testing -->
